# JRE version: OpenJDK Runtime Environment (17.0.9) (build 17.0.9+0--11185874)
# Java VM: OpenJDK 64-Bit Server VM (17.0.9+0--11185874, mixed mode, tiered, compressed oops, compressed class ptrs, g1 gc, windows-amd64)
GC Precious Log:
 CPUs: 12 total, 12 available
 Memory: 8106M
 Large Page Support: Disabled
 NUMA Support: Disabled
 Compressed Oops: Enabled (32-bit)
 Heap Region Size: 1M
 Heap Min Capacity: 8M
 Heap Initial Capacity: 128M
 Heap Max Capacity: 2G
 Pre-touch: Disabled
 Parallel Workers: 10
 Concurrent Workers: 3
 Concurrent Refinement Workers: 10
 Periodic GC: Disabled
Heap:
 garbage-first heap   total 215040K, used 116957K [0x0000000080000000, 0x0000000100000000)
  region size 1024K, 4 young (4096K), 4 survivors (4096K)
 Metaspace       used 106435K, committed 107264K, reserved 1179648K
  class space    used 14796K, committed 15232K, reserved 1048576K
GC Heap History (20 events):
Event: 10.546 GC heap after
{Heap after GC invocations=34 (full 0):
 garbage-first heap   total 174080K, used 88316K [0x0000000080000000, 0x0000000100000000)
  region size 1024K, 1 young (1024K), 1 survivors (1024K)
 Metaspace       used 90366K, committed 91136K, reserved 1179648K
  class space    used 12565K, committed 12928K, reserved 1048576K
}
Event: 11.045 GC heap before
{Heap before GC invocations=34 (full 0):
 garbage-first heap   total 174080K, used 142588K [0x0000000080000000, 0x0000000100000000)
  region size 1024K, 54 young (55296K), 1 survivors (1024K)
 Metaspace       used 95304K, committed 96000K, reserved 1179648K
  class space    used 13286K, committed 13632K, reserved 1048576K
}
Event: 11.048 GC heap after
{Heap after GC invocations=35 (full 0):
 garbage-first heap   total 174080K, used 90071K [0x0000000080000000, 0x0000000100000000)
  region size 1024K, 3 young (3072K), 3 survivors (3072K)
 Metaspace       used 95304K, committed 96000K, reserved 1179648K
  class space    used 13286K, committed 13632K, reserved 1048576K
}
Event: 11.496 GC heap before
{Heap before GC invocations=36 (full 0):
 garbage-first heap   total 174080K, used 143319K [0x0000000080000000, 0x0000000100000000)
  region size 1024K, 55 young (56320K), 3 survivors (3072K)
 Metaspace       used 98573K, committed 99328K, reserved 1179648K
  class space    used 13794K, committed 14144K, reserved 1048576K
}
Event: 11.501 GC heap after
{Heap after GC invocations=37 (full 0):
 garbage-first heap   total 174080K, used 93685K [0x0000000080000000, 0x0000000100000000)
  region size 1024K, 7 young (7168K), 7 survivors (7168K)
 Metaspace       used 98573K, committed 99328K, reserved 1179648K
  class space    used 13794K, committed 14144K, reserved 1048576K
}
Event: 11.507 GC heap before
{Heap before GC invocations=37 (full 0):
 garbage-first heap   total 174080K, used 94709K [0x0000000080000000, 0x0000000100000000)
  region size 1024K, 8 young (8192K), 7 survivors (7168K)
 Metaspace       used 98700K, committed 99456K, reserved 1179648K
  class space    used 13811K, committed 14208K, reserved 1048576K
}
Event: 11.511 GC heap after
{Heap after GC invocations=38 (full 0):
 garbage-first heap   total 174080K, used 93909K [0x0000000080000000, 0x0000000100000000)
  region size 1024K, 1 young (1024K), 1 survivors (1024K)
 Metaspace       used 98700K, committed 99456K, reserved 1179648K
  class space    used 13811K, committed 14208K, reserved 1048576K
}
Event: 11.781 GC heap before
{Heap before GC invocations=38 (full 0):
 garbage-first heap   total 174080K, used 145109K [0x0000000080000000, 0x0000000100000000)
  region size 1024K, 51 young (52224K), 1 survivors (1024K)
 Metaspace       used 99942K, committed 100736K, reserved 1179648K
  class space    used 14073K, committed 14464K, reserved 1048576K
}
Event: 11.786 GC heap after
{Heap after GC invocations=39 (full 0):
 garbage-first heap   total 174080K, used 99086K [0x0000000080000000, 0x0000000100000000)
  region size 1024K, 6 young (6144K), 6 survivors (6144K)
 Metaspace       used 99942K, committed 100736K, reserved 1179648K
  class space    used 14073K, committed 14464K, reserved 1048576K
}
Event: 12.062 GC heap before
{Heap before GC invocations=40 (full 0):
 garbage-first heap   total 179200K, used 143118K [0x0000000080000000, 0x0000000100000000)
  region size 1024K, 50 young (51200K), 6 survivors (6144K)
 Metaspace       used 100420K, committed 101120K, reserved 1179648K
  class space    used 14120K, committed 14464K, reserved 1048576K
}
Event: 12.068 GC heap after
{Heap after GC invocations=41 (full 0):
 garbage-first heap   total 179200K, used 102775K [0x0000000080000000, 0x0000000100000000)
  region size 1024K, 6 young (6144K), 6 survivors (6144K)
 Metaspace       used 100420K, committed 101120K, reserved 1179648K
  class space    used 14120K, committed 14464K, reserved 1048576K
}
Event: 12.074 GC heap before
{Heap before GC invocations=41 (full 0):
 garbage-first heap   total 179200K, used 104823K [0x0000000080000000, 0x0000000100000000)
  region size 1024K, 8 young (8192K), 6 survivors (6144K)
 Metaspace       used 100427K, committed 101120K, reserved 1179648K
  class space    used 14120K, committed 14464K, reserved 1048576K
}
Event: 12.078 GC heap after
{Heap after GC invocations=42 (full 0):
 garbage-first heap   total 215040K, used 102300K [0x0000000080000000, 0x0000000100000000)
  region size 1024K, 1 young (1024K), 1 survivors (1024K)
 Metaspace       used 100427K, committed 101120K, reserved 1179648K
  class space    used 14120K, committed 14464K, reserved 1048576K
}
Event: 12.370 GC heap before
{Heap before GC invocations=42 (full 0):
 garbage-first heap   total 215040K, used 172956K [0x0000000080000000, 0x0000000100000000)
  region size 1024K, 71 young (72704K), 1 survivors (1024K)
 Metaspace       used 100953K, committed 101696K, reserved 1179648K
  class space    used 14165K, committed 14528K, reserved 1048576K
}
Event: 12.375 GC heap after
{Heap after GC invocations=43 (full 0):
 garbage-first heap   total 215040K, used 107924K [0x0000000080000000, 0x0000000100000000)
  region size 1024K, 7 young (7168K), 7 survivors (7168K)
 Metaspace       used 100953K, committed 101696K, reserved 1179648K
  class space    used 14165K, committed 14528K, reserved 1048576K
}
Event: 12.799 GC heap before
{Heap before GC invocations=43 (full 0):
 garbage-first heap   total 215040K, used 177556K [0x0000000080000000, 0x0000000100000000)
  region size 1024K, 71 young (72704K), 7 survivors (7168K)
 Metaspace       used 103817K, committed 104640K, reserved 1179648K
  class space    used 14437K, committed 14848K, reserved 1048576K
}
Event: 12.806 GC heap after
{Heap after GC invocations=44 (full 0):
 garbage-first heap   total 215040K, used 113138K [0x0000000080000000, 0x0000000100000000)
  region size 1024K, 7 young (7168K), 7 survivors (7168K)
 Metaspace       used 103817K, committed 104640K, reserved 1179648K
  class space    used 14437K, committed 14848K, reserved 1048576K
}
Event: 13.043 GC heap before
{Heap before GC invocations=44 (full 0):
 garbage-first heap   total 215040K, used 142834K [0x0000000080000000, 0x0000000100000000)
  region size 1024K, 18 young (18432K), 7 survivors (7168K)
 Metaspace       used 104919K, committed 105728K, reserved 1179648K
  class space    used 14589K, committed 14976K, reserved 1048576K
}
Event: 13.048 GC heap after
{Heap after GC invocations=45 (full 0):
 garbage-first heap   total 215040K, used 124274K [0x0000000080000000, 0x0000000100000000)
  region size 1024K, 2 young (2048K), 2 survivors (2048K)
 Metaspace       used 104919K, committed 105728K, reserved 1179648K
  class space    used 14589K, committed 14976K, reserved 1048576K
}
Event: 27.877 GC heap before
{Heap before GC invocations=45 (full 0):
 garbage-first heap   total 215040K, used 189810K [0x0000000080000000, 0x0000000100000000)
  region size 1024K, 55 young (56320K), 2 survivors (2048K)
 Metaspace       used 106435K, committed 107264K, reserved 1179648K
  class space    used 14796K, committed 15232K, reserved 1048576K
}

