# JRE version: OpenJDK Runtime Environment (17.0.9) (build 17.0.9+0--11185874)
# Java VM: OpenJDK 64-Bit Server VM (17.0.9+0--11185874, mixed mode, tiered, compressed oops, compressed class ptrs, g1 gc, windows-amd64)
GC Precious Log:
 CPUs: 12 total, 12 available
 Memory: 8106M
 Large Page Support: Disabled
 NUMA Support: Disabled
 Compressed Oops: Enabled (32-bit)
 Heap Region Size: 1M
 Heap Min Capacity: 8M
 Heap Initial Capacity: 128M
 Heap Max Capacity: 2G
 Pre-touch: Disabled
 Parallel Workers: 10
 Concurrent Workers: 3
 Concurrent Refinement Workers: 10
 Periodic GC: Disabled
Heap:
 garbage-first heap   total 206848K, used 110413K [0x0000000080000000, 0x0000000100000000)
  region size 1024K, 1 young (1024K), 1 survivors (1024K)
 Metaspace       used 101120K, committed 101888K, reserved 1179648K
  class space    used 14176K, committed 14528K, reserved 1048576K
GC Heap History (20 events):
Event: 7.107 GC heap after
{Heap after GC invocations=24 (full 0):
 garbage-first heap   total 206848K, used 79796K [0x0000000080000000, 0x0000000100000000)
  region size 1024K, 6 young (6144K), 6 survivors (6144K)
 Metaspace       used 72551K, committed 73216K, reserved 1114112K
  class space    used 9874K, committed 10176K, reserved 1048576K
}
Event: 7.801 GC heap before
{Heap before GC invocations=24 (full 0):
 garbage-first heap   total 206848K, used 155572K [0x0000000080000000, 0x0000000100000000)
  region size 1024K, 80 young (81920K), 6 survivors (6144K)
 Metaspace       used 79208K, committed 79936K, reserved 1179648K
  class space    used 10797K, committed 11136K, reserved 1048576K
}
Event: 7.807 GC heap after
{Heap after GC invocations=25 (full 0):
 garbage-first heap   total 206848K, used 83950K [0x0000000080000000, 0x0000000100000000)
  region size 1024K, 5 young (5120K), 5 survivors (5120K)
 Metaspace       used 79208K, committed 79936K, reserved 1179648K
  class space    used 10797K, committed 11136K, reserved 1048576K
}
Event: 8.484 GC heap before
{Heap before GC invocations=25 (full 0):
 garbage-first heap   total 206848K, used 160750K [0x0000000080000000, 0x0000000100000000)
  region size 1024K, 79 young (80896K), 5 survivors (5120K)
 Metaspace       used 83219K, committed 83904K, reserved 1179648K
  class space    used 11410K, committed 11712K, reserved 1048576K
}
Event: 8.490 GC heap after
{Heap after GC invocations=26 (full 0):
 garbage-first heap   total 206848K, used 88359K [0x0000000080000000, 0x0000000100000000)
  region size 1024K, 9 young (9216K), 9 survivors (9216K)
 Metaspace       used 83219K, committed 83904K, reserved 1179648K
  class space    used 11410K, committed 11712K, reserved 1048576K
}
Event: 9.211 GC heap before
{Heap before GC invocations=26 (full 0):
 garbage-first heap   total 206848K, used 162087K [0x0000000080000000, 0x0000000100000000)
  region size 1024K, 81 young (82944K), 9 survivors (9216K)
 Metaspace       used 88364K, committed 89024K, reserved 1179648K
  class space    used 12274K, committed 12608K, reserved 1048576K
}
Event: 9.218 GC heap after
{Heap after GC invocations=27 (full 0):
 garbage-first heap   total 206848K, used 91728K [0x0000000080000000, 0x0000000100000000)
  region size 1024K, 8 young (8192K), 8 survivors (8192K)
 Metaspace       used 88364K, committed 89024K, reserved 1179648K
  class space    used 12274K, committed 12608K, reserved 1048576K
}
Event: 9.913 GC heap before
{Heap before GC invocations=27 (full 0):
 garbage-first heap   total 206848K, used 165456K [0x0000000080000000, 0x0000000100000000)
  region size 1024K, 80 young (81920K), 8 survivors (8192K)
 Metaspace       used 94149K, committed 94912K, reserved 1179648K
  class space    used 13176K, committed 13568K, reserved 1048576K
}
Event: 9.920 GC heap after
{Heap after GC invocations=28 (full 0):
 garbage-first heap   total 206848K, used 95473K [0x0000000080000000, 0x0000000100000000)
  region size 1024K, 7 young (7168K), 7 survivors (7168K)
 Metaspace       used 94149K, committed 94912K, reserved 1179648K
  class space    used 13176K, committed 13568K, reserved 1048576K
}
Event: 10.513 GC heap before
{Heap before GC invocations=28 (full 0):
 garbage-first heap   total 206848K, used 158961K [0x0000000080000000, 0x0000000100000000)
  region size 1024K, 70 young (71680K), 7 survivors (7168K)
 Metaspace       used 99115K, committed 99840K, reserved 1179648K
  class space    used 13866K, committed 14272K, reserved 1048576K
}
Event: 10.523 GC heap after
{Heap after GC invocations=29 (full 0):
 garbage-first heap   total 206848K, used 100925K [0x0000000080000000, 0x0000000100000000)
  region size 1024K, 9 young (9216K), 9 survivors (9216K)
 Metaspace       used 99115K, committed 99840K, reserved 1179648K
  class space    used 13866K, committed 14272K, reserved 1048576K
}
Event: 10.855 GC heap before
{Heap before GC invocations=30 (full 0):
 garbage-first heap   total 206848K, used 163389K [0x0000000080000000, 0x0000000100000000)
  region size 1024K, 75 young (76800K), 9 survivors (9216K)
 Metaspace       used 100302K, committed 101120K, reserved 1179648K
  class space    used 14123K, committed 14528K, reserved 1048576K
}
Event: 10.865 GC heap after
{Heap after GC invocations=31 (full 0):
 garbage-first heap   total 206848K, used 103657K [0x0000000080000000, 0x0000000100000000)
  region size 1024K, 8 young (8192K), 8 survivors (8192K)
 Metaspace       used 100302K, committed 101120K, reserved 1179648K
  class space    used 14123K, committed 14528K, reserved 1048576K
}
Event: 10.869 GC heap before
{Heap before GC invocations=31 (full 0):
 garbage-first heap   total 206848K, used 105705K [0x0000000080000000, 0x0000000100000000)
  region size 1024K, 10 young (10240K), 8 survivors (8192K)
 Metaspace       used 100310K, committed 101120K, reserved 1179648K
  class space    used 14123K, committed 14528K, reserved 1048576K
}
Event: 10.875 GC heap after
{Heap after GC invocations=32 (full 0):
 garbage-first heap   total 206848K, used 103357K [0x0000000080000000, 0x0000000100000000)
  region size 1024K, 2 young (2048K), 2 survivors (2048K)
 Metaspace       used 100310K, committed 101120K, reserved 1179648K
  class space    used 14123K, committed 14528K, reserved 1048576K
}
Event: 11.129 GC heap before
{Heap before GC invocations=32 (full 0):
 garbage-first heap   total 206848K, used 165821K [0x0000000080000000, 0x0000000100000000)
  region size 1024K, 64 young (65536K), 2 survivors (2048K)
 Metaspace       used 100812K, committed 101568K, reserved 1179648K
  class space    used 14161K, committed 14528K, reserved 1048576K
}
Event: 11.135 GC heap after
{Heap after GC invocations=33 (full 0):
 garbage-first heap   total 206848K, used 108428K [0x0000000080000000, 0x0000000100000000)
  region size 1024K, 7 young (7168K), 7 survivors (7168K)
 Metaspace       used 100812K, committed 101568K, reserved 1179648K
  class space    used 14161K, committed 14528K, reserved 1048576K
}
Event: 11.365 GC heap before
{Heap before GC invocations=34 (full 0):
 garbage-first heap   total 206848K, used 166796K [0x0000000080000000, 0x0000000100000000)
  region size 1024K, 65 young (66560K), 7 survivors (7168K)
 Metaspace       used 101094K, committed 101888K, reserved 1179648K
  class space    used 14175K, committed 14528K, reserved 1048576K
}
Event: 11.371 GC heap after
{Heap after GC invocations=35 (full 0):
 garbage-first heap   total 206848K, used 111720K [0x0000000080000000, 0x0000000100000000)
  region size 1024K, 6 young (6144K), 6 survivors (6144K)
 Metaspace       used 101094K, committed 101888K, reserved 1179648K
  class space    used 14175K, committed 14528K, reserved 1048576K
}
Event: 11.406 GC heap before
{Heap before GC invocations=35 (full 0):
 garbage-first heap   total 206848K, used 115816K [0x0000000080000000, 0x0000000100000000)
  region size 1024K, 10 young (10240K), 6 survivors (6144K)
 Metaspace       used 101120K, committed 101888K, reserved 1179648K
  class space    used 14176K, committed 14528K, reserved 1048576K
}

